CRITICAL - 2022-03-30 00:35:29 --> Invalid file: inicio.php
#0 C:\xampp\htdocs\vendor\codeigniter4\framework\system\View\View.php(198): CodeIgniter\Exceptions\FrameworkException::forInvalidFile('inicio.php')
#1 C:\xampp\htdocs\vendor\codeigniter4\framework\system\Common.php(1089): CodeIgniter\View\View->render('inicio', Array, true)
#2 C:\xampp\htdocs\app\Controllers\Home.php(9): view('inicio')
#3 C:\xampp\htdocs\vendor\codeigniter4\framework\system\CodeIgniter.php(832): App\Controllers\Home->index()
#4 C:\xampp\htdocs\vendor\codeigniter4\framework\system\CodeIgniter.php(419): CodeIgniter\CodeIgniter->runController(Object(App\Controllers\Home))
#5 C:\xampp\htdocs\vendor\codeigniter4\framework\system\CodeIgniter.php(326): CodeIgniter\CodeIgniter->handleRequest(NULL, Object(Config\Cache), false)
#6 C:\xampp\htdocs\public\index.php(37): CodeIgniter\CodeIgniter->run()
#7 {main}
CRITICAL - 2022-03-30 13:03:55 --> Class "CodeIgniter\Database\MySQL\Connection" not found
#0 C:\xampp\htdocs\vendor\codeigniter4\framework\system\Database\Database.php(56): CodeIgniter\Database\Database->initDriver('MySQL', 'CodeIgniter\\Dat...', Array)
#1 C:\xampp\htdocs\vendor\codeigniter4\framework\system\Database\Config.php(78): CodeIgniter\Database\Database->load(Array, 'default')
#2 C:\xampp\htdocs\vendor\codeigniter4\framework\system\Model.php(97): CodeIgniter\Database\Config::connect('default')
#3 C:\xampp\htdocs\app\Controllers\Home.php(12): CodeIgniter\Model->__construct()
#4 C:\xampp\htdocs\vendor\codeigniter4\framework\system\CodeIgniter.php(809): App\Controllers\Home->__construct()
#5 C:\xampp\htdocs\vendor\codeigniter4\framework\system\CodeIgniter.php(410): CodeIgniter\CodeIgniter->createController()
#6 C:\xampp\htdocs\vendor\codeigniter4\framework\system\CodeIgniter.php(326): CodeIgniter\CodeIgniter->handleRequest(NULL, Object(Config\Cache), false)
#7 C:\xampp\htdocs\public\index.php(37): CodeIgniter\CodeIgniter->run()
#8 {main}
CRITICAL - 2022-03-30 13:05:43 --> Class "CodeIgniter\Database\MySQL\Connection" not found
#0 C:\xampp\htdocs\vendor\codeigniter4\framework\system\Database\Database.php(56): CodeIgniter\Database\Database->initDriver('MySQL', 'CodeIgniter\\Dat...', Array)
#1 C:\xampp\htdocs\vendor\codeigniter4\framework\system\Database\Config.php(78): CodeIgniter\Database\Database->load(Array, 'default')
#2 C:\xampp\htdocs\vendor\codeigniter4\framework\system\Model.php(97): CodeIgniter\Database\Config::connect('default')
#3 C:\xampp\htdocs\app\Controllers\Home.php(12): CodeIgniter\Model->__construct()
#4 C:\xampp\htdocs\vendor\codeigniter4\framework\system\CodeIgniter.php(809): App\Controllers\Home->__construct()
#5 C:\xampp\htdocs\vendor\codeigniter4\framework\system\CodeIgniter.php(410): CodeIgniter\CodeIgniter->createController()
#6 C:\xampp\htdocs\vendor\codeigniter4\framework\system\CodeIgniter.php(326): CodeIgniter\CodeIgniter->handleRequest(NULL, Object(Config\Cache), false)
#7 C:\xampp\htdocs\public\index.php(37): CodeIgniter\CodeIgniter->run()
#8 {main}
